<?xml version="1.0" encoding="utf-8"?><testsuites name="pytest tests"><testsuite name="pytest" errors="0" failures="0" skipped="0" tests="28" time="40.122" timestamp="2026-05-04T21:28:01.438330+00:00" hostname="agent-env-eb396861-08a1-4979-84a5-1e71aff04232"><testcase classname="backend.tests.backend_test.TestAuth" name="test_admin_login_success" time="1.398" /><testcase classname="backend.tests.backend_test.TestAuth" name="test_admin_login_invalid" time="1.145" /><testcase classname="backend.tests.backend_test.TestAuth" name="test_therapists_list_seeded_13" time="0.751" /><testcase classname="backend.tests.backend_test.TestAuth" name="test_therapist_login_pin_0000" time="4.375" /><testcase classname="backend.tests.backend_test.TestAuth" name="test_therapist_login_wrong_pin" time="0.905" /><testcase classname="backend.tests.backend_test.TestClients" name="test_admin_sees_20_seed_clients_with_full_info" time="0.664" /><testcase classname="backend.tests.backend_test.TestClients" name="test_client_locations_have_service_and_address" time="0.691" /><testcase classname="backend.tests.backend_test.TestClients" name="test_therapist_sees_filtered_clients_main_or_co" time="2.308" /><testcase classname="backend.tests.backend_test.TestSessions" name="test_create_session_completed" time="1.949" /><testcase classname="backend.tests.backend_test.TestSessions" name="test_session_filter_by_client" time="0.687" /><testcase classname="backend.tests.backend_test.TestSessions" name="test_therapist_sees_only_own_sessions" time="3.385" /><testcase classname="backend.tests.backend_test.TestSessions" name="test_update_session" time="0.692" /><testcase classname="backend.tests.backend_test.TestSessions" name="test_therapist_cannot_edit_other_session" time="1.623" /><testcase classname="backend.tests.backend_test.TestSessions" name="test_delete_session" time="0.639" /><testcase classname="backend.tests.backend_test.TestSchedule" name="test_schedule_master_view_for_everyone" time="4.519" /><testcase classname="backend.tests.backend_test.TestSchedule" name="test_update_state_cancel_therapist_notifies" time="2.243" /><testcase classname="backend.tests.backend_test.TestSchedule" name="test_duplicate_cell" time="1.332" /><testcase classname="backend.tests.backend_test.TestSchedule" name="test_notify_endpoint" time="0.670" /><testcase classname="backend.tests.backend_test.TestSchedule" name="test_delete_cell" time="0.686" /><testcase classname="backend.tests.backend_test.TestIntakeAdminOnly" name="test_therapist_cannot_list_intake" time="0.634" /><testcase classname="backend.tests.backend_test.TestIntakeAdminOnly" name="test_therapist_cannot_create_intake" time="0.624" /><testcase classname="backend.tests.backend_test.TestIntakeAdminOnly" name="test_admin_intake_crud" time="1.972" /><testcase classname="backend.tests.backend_test.TestRequests" name="test_create_request" time="0.640" /><testcase classname="backend.tests.backend_test.TestRequests" name="test_admin_status_update_appends_timeline" time="0.670" /><testcase classname="backend.tests.backend_test.TestRequests" name="test_admin_cannot_create_request" time="0.639" /><testcase classname="backend.tests.backend_test.TestMisc" name="test_notifications_list" time="0.645" /><testcase classname="backend.tests.backend_test.TestMisc" name="test_directory_crud" time="1.348" /><testcase classname="backend.tests.backend_test.TestTherapistsCRUD" name="test_create_update_delete" time="2.216" /></testsuite></testsuites>