<?xml version="1.0" encoding="utf-8"?><testsuites name="pytest tests"><testsuite name="pytest" errors="0" failures="0" skipped="0" tests="22" time="38.412" timestamp="2026-05-04T20:54:38.197066+00:00" hostname="agent-env-eb396861-08a1-4979-84a5-1e71aff04232"><testcase classname="backend.tests.backend_test.TestAuth" name="test_admin_login_success" time="1.423" /><testcase classname="backend.tests.backend_test.TestAuth" name="test_admin_login_invalid" time="1.067" /><testcase classname="backend.tests.backend_test.TestAuth" name="test_therapists_list_seeded_15" time="0.752" /><testcase classname="backend.tests.backend_test.TestAuth" name="test_therapist_login_pin_0000" time="5.089" /><testcase classname="backend.tests.backend_test.TestAuth" name="test_therapist_login_wrong_pin" time="0.976" /><testcase classname="backend.tests.backend_test.TestClients" name="test_admin_sees_21_seed_clients" time="0.716" /><testcase classname="backend.tests.backend_test.TestClients" name="test_therapist_sees_filtered_clients" time="1.710" /><testcase classname="backend.tests.backend_test.TestSchedule" name="test_create_schedule_notifies_therapist" time="1.410" /><testcase classname="backend.tests.backend_test.TestSchedule" name="test_update_state_cancel_therapist" time="2.369" /><testcase classname="backend.tests.backend_test.TestSchedule" name="test_update_state_cancel_child" time="2.420" /><testcase classname="backend.tests.backend_test.TestSchedule" name="test_duplicate_cell" time="1.400" /><testcase classname="backend.tests.backend_test.TestSchedule" name="test_therapist_only_sees_own_schedule" time="2.108" /><testcase classname="backend.tests.backend_test.TestSchedule" name="test_delete_cell" time="0.687" /><testcase classname="backend.tests.backend_test.TestRequests" name="test_create_request_with_full_payload" time="0.684" /><testcase classname="backend.tests.backend_test.TestRequests" name="test_update_status_appends_timeline" time="1.426" /><testcase classname="backend.tests.backend_test.TestRequests" name="test_list_requests_filtered_for_therapist" time="0.710" /><testcase classname="backend.tests.backend_test.TestRequests" name="test_admin_cannot_create_request" time="0.686" /><testcase classname="backend.tests.backend_test.TestNotifications" name="test_list_and_mark_all" time="2.132" /><testcase classname="backend.tests.backend_test.TestDirectory" name="test_directory_crud" time="2.141" /><testcase classname="backend.tests.backend_test.TestIntake" name="test_intake_crud" time="2.132" /><testcase classname="backend.tests.backend_test.TestSheets" name="test_upload_and_download_sheet" time="3.850" /><testcase classname="backend.tests.backend_test.TestTherapistsCRUD" name="test_create_update_delete" time="2.357" /></testsuite></testsuites>